<?xml version="1.0" encoding="utf-8"?><testsuites name="pytest tests"><testsuite name="pytest" errors="0" failures="0" skipped="0" tests="4" time="8.824" timestamp="2026-09-08T17:23:03.844867+00:00" hostname="agent-env-8c0a6fcf-13d9-43e9-9dc2-38ffe62c6d41"><testcase classname="backend.tests.test_gradebook_sync_scoring" name="test_raw_score_not_percentage_scaled" time="3.306" /><testcase classname="backend.tests.test_gradebook_sync_scoring" name="test_re_apply_replaces_previous_value" time="2.698" /><testcase classname="backend.tests.test_gradebook_sync_scoring" name="test_score_capped_at_column_max" time="1.147" /><testcase classname="backend.tests.test_gradebook_sync_scoring" name="test_partial_score_not_scaled_q_column" time="1.600" /></testsuite></testsuites>