<?xml version="1.0" encoding="utf-8"?><testsuites name="pytest tests"><testsuite name="pytest" errors="0" failures="0" skipped="0" tests="6" time="11.717" timestamp="2026-09-22T18:33:37.663158+00:00" hostname="agent-env-957a7130-9917-4387-889c-b7f2db7ee237"><testcase classname="backend.tests.test_substitution_swap_bulk_late.TestBulk" name="test_bulk_active_deactivate_and_reactivate" time="1.375" /><testcase classname="backend.tests.test_substitution_swap_bulk_late.TestBulk" name="test_bulk_delete_created_teachers" time="0.997" /><testcase classname="backend.tests.test_substitution_swap_bulk_late.TestLateAbsent" name="test_late_flag_only_when_added_after_distribution" time="3.732" /><testcase classname="backend.tests.test_substitution_swap_bulk_late.TestStats" name="test_stats_subs_p8_and_teacher_absence_rows" time="1.813" /><testcase classname="backend.tests.test_substitution_swap_bulk_late.TestSwap" name="test_swap_full_flow" time="2.249" /><testcase classname="backend.tests.test_substitution_swap_bulk_late.TestSwap" name="test_swap_candidates_exclude_busy_and_absent" time="1.358" /></testsuite></testsuites>