<?xml version="1.0" encoding="utf-8"?><testsuites name="pytest tests"><testsuite name="pytest" errors="0" failures="2" skipped="0" tests="49" time="127.286" timestamp="2026-09-22T16:20:09.245979+00:00" hostname="agent-env-957a7130-9917-4387-889c-b7f2db7ee237"><testcase classname="tests.test_substitution.TestAuth" name="test_login_ok" time="0.517" /><testcase classname="tests.test_substitution.TestAuth" name="test_login_wrong_pwd" time="0.508" /><testcase classname="tests.test_substitution.TestAuth" name="test_me" time="0.194" /><testcase classname="tests.test_substitution.TestAuth" name="test_admin_token_rejected" time="0.816" /><testcase classname="tests.test_substitution.TestAuth" name="test_no_token" time="0.129" /><testcase classname="tests.test_substitution.TestTeachers" name="test_list_49_and_quota_sum" time="0.221" /><testcase classname="tests.test_substitution.TestTeachers" name="test_schema" time="0.000" /><testcase classname="tests.test_substitution.TestDay" name="test_set_absent_ok" time="0.374" /><testcase classname="tests.test_substitution.TestDay" name="test_friday_rejected" time="0.169" /><testcase classname="tests.test_substitution.TestDay" name="test_candidates" time="0.335" /><testcase classname="tests.test_substitution.TestDay" name="test_assign_and_negative" time="0.986" /><testcase classname="tests.test_substitution.TestDay" name="test_auto_distribute" time="0.168" /><testcase classname="tests.test_substitution.TestDay" name="test_clear_assignments" time="0.128" /><testcase classname="tests.test_substitution.TestDay" name="test_stats" time="0.331" /><testcase classname="tests.test_substitution.TestDay" name="test_days_list" time="0.189" /><testcase classname="tests.test_substitution.TestDay" name="test_export_docx" time="0.354" /><testcase classname="tests.test_substitution.TestDay" name="test_clear_day" time="0.162" /><testcase classname="tests.test_substitution.TestTeacherCRUD" name="test_create" time="0.221" /><testcase classname="tests.test_substitution.TestTeacherCRUD" name="test_update" time="0.152" /><testcase classname="tests.test_substitution.TestTeacherCRUD" name="test_import_pdf" time="2.469" /><testcase classname="tests.test_substitution.TestTeacherCRUD" name="test_import_non_pdf" time="0.146" /><testcase classname="tests.test_substitution.TestTeacherCRUD" name="test_delete" time="0.366" /><testcase classname="tests.test_supervision" name="test_1_import_pdf" time="0.963"><failure message="FileNotFoundError: [Errno 2] No such file or directory: '/tmp/supervision.pdf'">tests/test_supervision.py:26: in test_1_import_pdf
    with open(PDF_PATH, "rb") as f:
         ^^^^^^^^^^^^^^^^^^^^
E   FileNotFoundError: [Errno 2] No such file or directory: '/tmp/supervision.pdf'</failure></testcase><testcase classname="tests.test_supervision" name="test_2_get_supervision" time="0.726" /><testcase classname="tests.test_supervision" name="test_3_put_supervision_adds_unmatched" time="1.171" /><testcase classname="tests.test_supervision" name="test_4_candidates_supervisor_field" time="2.474" /><testcase classname="tests.test_supervision" name="test_5_get_day_supervision_field" time="0.340" /><testcase classname="tests.test_supervision" name="test_6_auto_exclude_supervisors" time="0.868" /><testcase classname="tests.test_supervision" name="test_7_delete_and_reimport" time="0.491"><failure message="FileNotFoundError: [Errno 2] No such file or directory: '/tmp/supervision.pdf'">tests/test_supervision.py:141: in test_7_delete_and_reimport
    with open(PDF_PATH, "rb") as f:
         ^^^^^^^^^^^^^^^^^^^^
E   FileNotFoundError: [Errno 2] No such file or directory: '/tmp/supervision.pdf'</failure></testcase><testcase classname="tests.test_substitution_new_features" name="test_candidates_have_day_periods_and_streak_field" time="1.430" /><testcase classname="tests.test_substitution_new_features" name="test_consecutive_alert_triggers_after_two_prior_days" time="3.079" /><testcase classname="tests.test_substitution_new_features" name="test_auto_distribute_randomizes_and_preserves_manual" time="70.681" /><testcase classname="tests.test_substitution_new_features" name="test_stats_with_teacher_id_returns_teacher_rows" time="5.330" /><testcase classname="tests.test_substitution_new_features" name="test_system_reset_deletes_all_days_only" time="4.082" /><testcase classname="tests.test_substitution_new_features" name="test_teachers_all_endpoint_requires_auth" time="0.163" /><testcase classname="tests.test_substitution_v2.TestSettings" name="test_get_settings_shape" time="0.557" /><testcase classname="tests.test_substitution_v2.TestSettings" name="test_timing_file_public" time="0.238" /><testcase classname="tests.test_substitution_v2.TestSettings" name="test_put_settings_persists_and_reflected_in_day" time="15.702" /><testcase classname="tests.test_substitution_v2.TestSettings" name="test_post_timing_image_ok_and_txt_400" time="0.982" /><testcase classname="tests.test_substitution_v2.TestImport" name="test_import_no_files_400" time="0.180" /><testcase classname="tests.test_substitution_v2.TestImport" name="test_import_general_non_pdf_400" time="0.132" /><testcase classname="tests.test_substitution_v2.TestImport" name="test_import_both_pdfs" time="3.755" /><testcase classname="tests.test_substitution_v2.TestImport" name="test_import_general_only_preserves_subjects" time="1.394" /><testcase classname="tests.test_substitution_v2.TestGroupedOrder" name="test_auto_ordering_and_reverse" time="0.729" /><testcase classname="tests.test_substitution_v2.TestGroupedOrder" name="test_docx_export_merge" time="0.202" /><testcase classname="tests.test_substitution_v2.TestGroupedOrder" name="test_cleanup_day" time="0.155" /><testcase classname="tests.test_substitution_v2.TestAccount" name="test_wrong_current_password" time="0.379" /><testcase classname="tests.test_substitution_v2.TestAccount" name="test_no_changes_400" time="0.366" /><testcase classname="tests.test_substitution_v2.TestAccount" name="test_change_username_and_restore" time="1.538" /></testsuite></testsuites>