<?xml version="1.0" encoding="utf-8"?><testsuites name="pytest tests"><testsuite name="pytest" errors="0" failures="0" skipped="0" tests="9" time="4.168" timestamp="2026-09-02T15:31:55.157235+00:00" hostname="agent-env-8c0a6fcf-13d9-43e9-9dc2-38ffe62c6d41"><testcase classname="backend.tests.test_lesson_plans" name="test_catalog" time="0.791" /><testcase classname="backend.tests.test_lesson_plans" name="test_get_plans[g5-u1-l1]" time="0.241" /><testcase classname="backend.tests.test_lesson_plans" name="test_get_plans[g7-u2-l3]" time="0.192" /><testcase classname="backend.tests.test_lesson_plans" name="test_get_plans[g8-u2-l4]" time="0.180" /><testcase classname="backend.tests.test_lesson_plans" name="test_get_plans_404" time="0.178" /><testcase classname="backend.tests.test_lesson_plans" name="test_save_and_reset" time="1.191" /><testcase classname="backend.tests.test_lesson_plans" name="test_save_invalid_id" time="0.217" /><testcase classname="backend.tests.test_lesson_plans" name="test_export_docx" time="0.479" /><testcase classname="backend.tests.test_lesson_plans" name="test_profile_directorate" time="0.618" /></testsuite></testsuites>