<?xml version="1.0" encoding="utf-8"?><testsuites name="pytest tests"><testsuite name="pytest" errors="0" failures="0" skipped="0" tests="8" time="3.626" timestamp="2026-09-02T17:28:31.012186+00:00" hostname="agent-env-8c0a6fcf-13d9-43e9-9dc2-38ffe62c6d41"><testcase classname="backend.tests.test_match_feature.TestMatchBank" name="test_bank_returns_match_with_pairs" time="0.895" /><testcase classname="backend.tests.test_match_feature.TestMatchBank" name="test_create_quiz_from_bank_with_only_match" time="0.184" /><testcase classname="backend.tests.test_match_feature.TestMatchExamFlow" name="test_activate_and_start" time="0.354" /><testcase classname="backend.tests.test_match_feature.TestMatchExamFlow" name="test_join_and_questions_hide_correct" time="0.326" /><testcase classname="backend.tests.test_match_feature.TestMatchExamFlow" name="test_submit_partial_correct" time="0.498" /><testcase classname="backend.tests.test_match_feature.TestMatchExamFlow" name="test_all_correct_full_credit" time="0.677" /><testcase classname="backend.tests.test_match_feature.TestMatchExamFlow" name="test_cleanup" time="0.157" /><testcase classname="backend.tests.test_match_feature.TestRegressionMcq" name="test_create_quiz_from_bank_mcq" time="0.454" /></testsuite></testsuites>