<?xml version="1.0" encoding="utf-8"?><testsuites name="pytest tests"><testsuite name="pytest" errors="0" failures="0" skipped="0" tests="16" time="5.176" timestamp="2026-08-31T20:40:12.751082+00:00" hostname="agent-env-8c0a6fcf-13d9-43e9-9dc2-38ffe62c6d41"><testcase classname="backend.tests.test_question_bank.TestQuestionBankList" name="test_grade5_total_200" time="0.827" /><testcase classname="backend.tests.test_question_bank.TestQuestionBankList" name="test_grade6_total_200" time="0.190" /><testcase classname="backend.tests.test_question_bank.TestQuestionBankList" name="test_grade8_total_200" time="0.159" /><testcase classname="backend.tests.test_question_bank.TestQuestionBankList" name="test_grade7_total_0" time="0.164" /><testcase classname="backend.tests.test_question_bank.TestQuestionBankList" name="test_filter_type_match_has_pairs" time="0.275" /><testcase classname="backend.tests.test_question_bank.TestQuestionBankList" name="test_filter_type_mcq_structure" time="0.229" /><testcase classname="backend.tests.test_question_bank.TestQuestionBankList" name="test_filter_cognitive_reasoning" time="0.161" /><testcase classname="backend.tests.test_question_bank.TestQuestionBankList" name="test_filter_difficulty_hard" time="0.155" /><testcase classname="backend.tests.test_question_bank.TestQuestionBankList" name="test_filter_lesson" time="0.361" /><testcase classname="backend.tests.test_question_bank.TestQuestionBankList" name="test_text_search" time="0.185" /><testcase classname="backend.tests.test_question_bank.TestQuestionBankList" name="test_combined_filters" time="0.144" /><testcase classname="backend.tests.test_question_bank.TestQuestionBankList" name="test_pagination_page2_different_and_pages_10" time="0.363" /><testcase classname="backend.tests.test_question_bank.TestQuestionBankMeta" name="test_meta_grade5" time="0.196" /><testcase classname="backend.tests.test_question_bank.TestBankImages" name="test_image_serves_jpeg" time="0.401" /><testcase classname="backend.tests.test_question_bank.TestCreateQuizFromBank" name="test_mixed_creates_quiz_without_match" time="0.842" /><testcase classname="backend.tests.test_question_bank.TestDeleteGlobalQuestion" name="test_admin_can_delete_one_global" time="0.458" /></testsuite></testsuites>