<?xml version="1.0" encoding="utf-8"?><testsuites name="pytest tests"><testsuite name="pytest" errors="0" failures="0" skipped="0" tests="7" time="3.597" timestamp="2026-06-12T13:15:03.861515+00:00" hostname="agent-env-b46d4b6b-a02d-4cc7-ba4c-7f721601b1e3"><testcase classname="backend.tests.test_rubric_images.TestRubricImages" name="test_create_rubric_with_images" time="0.736" /><testcase classname="backend.tests.test_rubric_images.TestRubricImages" name="test_get_rubric_returns_images" time="0.368" /><testcase classname="backend.tests.test_rubric_images.TestRubricImages" name="test_update_rubric_clear_images" time="0.458" /><testcase classname="backend.tests.test_rubric_images.TestRubricImages" name="test_non_data_urls_filtered" time="0.302" /><testcase classname="backend.tests.test_rubric_images.TestRubricImages" name="test_max_8_images_enforced" time="0.350" /><testcase classname="backend.tests.test_rubric_images.TestRubricEvalNoImages" name="test_save_evaluation_without_images_field" time="0.656" /><testcase classname="backend.tests.test_rubric_images.TestRubricEvalNoImages" name="test_extra_images_field_ignored" time="0.516" /></testsuite></testsuites>