<?xml version="1.0" encoding="utf-8"?><testsuites name="pytest tests"><testsuite name="pytest" errors="0" failures="0" skipped="0" tests="10" time="3.278" timestamp="2026-09-22T16:11:10.313547+00:00" hostname="agent-env-957a7130-9917-4387-889c-b7f2db7ee237"><testcase classname="tests.test_smoke_import" name="test_login_success" time="0.420" /><testcase classname="tests.test_smoke_import" name="test_login_invalid" time="0.372" /><testcase classname="tests.test_smoke_import" name="test_app_settings" time="0.561" /><testcase classname="tests.test_smoke_import" name="test_academic_years" time="0.174" /><testcase classname="tests.test_smoke_import" name="test_quizzes_list" time="0.149" /><testcase classname="tests.test_smoke_import" name="test_profile" time="0.176" /><testcase classname="tests.test_smoke_import" name="test_core_list_endpoints[/api/question-bank]" time="0.142" /><testcase classname="tests.test_smoke_import" name="test_core_list_endpoints[/api/gradebooks]" time="0.166" /><testcase classname="tests.test_smoke_import" name="test_core_list_endpoints[/api/rubrics]" time="0.229" /><testcase classname="tests.test_smoke_import" name="test_core_list_endpoints[/api/lesson-plans]" time="0.124" /></testsuite></testsuites>