<?xml version="1.0" encoding="utf-8"?><testsuites name="pytest tests"><testsuite name="pytest" errors="0" failures="0" skipped="0" tests="14" time="9.725" timestamp="2026-09-07T16:43:53.930012+00:00" hostname="agent-env-8c0a6fcf-13d9-43e9-9dc2-38ffe62c6d41"><testcase classname="backend.tests.test_substitution_v2.TestSettings" name="test_get_settings_shape" time="0.492" /><testcase classname="backend.tests.test_substitution_v2.TestSettings" name="test_timing_file_public" time="0.112" /><testcase classname="backend.tests.test_substitution_v2.TestSettings" name="test_put_settings_persists_and_reflected_in_day" time="0.421" /><testcase classname="backend.tests.test_substitution_v2.TestSettings" name="test_post_timing_image_ok_and_txt_400" time="0.669" /><testcase classname="backend.tests.test_substitution_v2.TestImport" name="test_import_no_files_400" time="0.093" /><testcase classname="backend.tests.test_substitution_v2.TestImport" name="test_import_general_non_pdf_400" time="0.133" /><testcase classname="backend.tests.test_substitution_v2.TestImport" name="test_import_both_pdfs" time="3.454" /><testcase classname="backend.tests.test_substitution_v2.TestImport" name="test_import_general_only_preserves_subjects" time="1.267" /><testcase classname="backend.tests.test_substitution_v2.TestGroupedOrder" name="test_auto_ordering_and_reverse" time="0.695" /><testcase classname="backend.tests.test_substitution_v2.TestGroupedOrder" name="test_docx_export_merge" time="0.136" /><testcase classname="backend.tests.test_substitution_v2.TestGroupedOrder" name="test_cleanup_day" time="0.099" /><testcase classname="backend.tests.test_substitution_v2.TestAccount" name="test_wrong_current_password" time="0.316" /><testcase classname="backend.tests.test_substitution_v2.TestAccount" name="test_no_changes_400" time="0.320" /><testcase classname="backend.tests.test_substitution_v2.TestAccount" name="test_change_username_and_restore" time="1.369" /></testsuite></testsuites>