<?xml version="1.0" encoding="utf-8"?><testsuites name="pytest tests"><testsuite name="pytest" errors="0" failures="0" skipped="0" tests="22" time="6.630" timestamp="2026-09-07T16:09:00.647535+00:00" hostname="agent-env-8c0a6fcf-13d9-43e9-9dc2-38ffe62c6d41"><testcase classname="backend.tests.test_substitution.TestAuth" name="test_login_ok" time="0.500" /><testcase classname="backend.tests.test_substitution.TestAuth" name="test_login_wrong_pwd" time="0.418" /><testcase classname="backend.tests.test_substitution.TestAuth" name="test_me" time="0.093" /><testcase classname="backend.tests.test_substitution.TestAuth" name="test_admin_token_rejected" time="0.419" /><testcase classname="backend.tests.test_substitution.TestAuth" name="test_no_token" time="0.100" /><testcase classname="backend.tests.test_substitution.TestTeachers" name="test_list_49_and_quota_sum" time="0.129" /><testcase classname="backend.tests.test_substitution.TestTeachers" name="test_schema" time="0.000" /><testcase classname="backend.tests.test_substitution.TestDay" name="test_set_absent_ok" time="0.251" /><testcase classname="backend.tests.test_substitution.TestDay" name="test_friday_rejected" time="0.090" /><testcase classname="backend.tests.test_substitution.TestDay" name="test_candidates" time="0.226" /><testcase classname="backend.tests.test_substitution.TestDay" name="test_assign_and_negative" time="0.648" /><testcase classname="backend.tests.test_substitution.TestDay" name="test_auto_distribute" time="0.109" /><testcase classname="backend.tests.test_substitution.TestDay" name="test_clear_assignments" time="0.082" /><testcase classname="backend.tests.test_substitution.TestDay" name="test_stats" time="0.281" /><testcase classname="backend.tests.test_substitution.TestDay" name="test_days_list" time="0.096" /><testcase classname="backend.tests.test_substitution.TestDay" name="test_export_docx" time="0.176" /><testcase classname="backend.tests.test_substitution.TestDay" name="test_clear_day" time="0.096" /><testcase classname="backend.tests.test_substitution.TestTeacherCRUD" name="test_create" time="0.070" /><testcase classname="backend.tests.test_substitution.TestTeacherCRUD" name="test_update" time="0.120" /><testcase classname="backend.tests.test_substitution.TestTeacherCRUD" name="test_import_pdf" time="2.246" /><testcase classname="backend.tests.test_substitution.TestTeacherCRUD" name="test_import_non_pdf" time="0.140" /><testcase classname="backend.tests.test_substitution.TestTeacherCRUD" name="test_delete" time="0.186" /></testsuite></testsuites>