<?xml version="1.0" encoding="utf-8"?><testsuites name="pytest tests"><testsuite name="pytest" errors="0" failures="0" skipped="0" tests="6" time="6.556" timestamp="2026-09-08T15:21:56.630127+00:00" hostname="agent-env-8c0a6fcf-13d9-43e9-9dc2-38ffe62c6d41"><testcase classname="backend.tests.test_substitution_new_features" name="test_candidates_have_day_periods_and_streak_field" time="1.241" /><testcase classname="backend.tests.test_substitution_new_features" name="test_consecutive_alert_triggers_after_two_prior_days" time="2.051" /><testcase classname="backend.tests.test_substitution_new_features" name="test_auto_distribute_randomizes_and_preserves_manual" time="1.419" /><testcase classname="backend.tests.test_substitution_new_features" name="test_stats_with_teacher_id_returns_teacher_rows" time="0.948" /><testcase classname="backend.tests.test_substitution_new_features" name="test_system_reset_deletes_all_days_only" time="0.642" /><testcase classname="backend.tests.test_substitution_new_features" name="test_teachers_all_endpoint_requires_auth" time="0.113" /></testsuite></testsuites>