<?xml version="1.0" encoding="utf-8"?><testsuites name="pytest tests"><testsuite name="pytest" errors="0" failures="0" skipped="0" tests="7" time="2.257" timestamp="2026-09-08T16:18:49.198670+00:00" hostname="agent-env-8c0a6fcf-13d9-43e9-9dc2-38ffe62c6d41"><testcase classname="backend.tests.test_supervision" name="test_1_import_pdf" time="0.731" /><testcase classname="backend.tests.test_supervision" name="test_2_get_supervision" time="0.131" /><testcase classname="backend.tests.test_supervision" name="test_3_put_supervision_adds_unmatched" time="0.203" /><testcase classname="backend.tests.test_supervision" name="test_4_candidates_supervisor_field" time="0.485" /><testcase classname="backend.tests.test_supervision" name="test_5_get_day_supervision_field" time="0.090" /><testcase classname="backend.tests.test_supervision" name="test_6_auto_exclude_supervisors" time="0.219" /><testcase classname="backend.tests.test_supervision" name="test_7_delete_and_reimport" time="0.307" /></testsuite></testsuites>